<?xml version="1.0" encoding="UTF-8"?>
<!-- Generated by org.testng.reporters.JUnitXMLReporter -->
<testsuite ignored="0" hostname="VaishnaviA" failures="0" tests="3" name="Default test" time="7.0" errors="0" timestamp="2024-05-09T22:09:09 IST">
  <testcase classname="TestPages.TestOne" name="Test_URL_and_PageName" time="0.039"/>
  <testcase classname="TestPages.TestOne" name="Test_stringVerification" time="0.032"/>
  <testcase classname="TestPages.TestOne" name="Test_DynamicID_Verification" time="2.284"/>
</testsuite> <!-- Default test -->
