<?xml version="1.0" encoding="UTF-8"?>
<!-- Generated by org.testng.reporters.JUnitXMLReporter -->
<testsuite ignored="1" hostname="VaishnaviA" failures="0" tests="6" name="Test" time="43.088" errors="0" timestamp="2024-05-18T14:52:07 IST">
  <testcase classname="TestPages.TestOne" name="Test_URL_and_PageName" time="0.299"/>
  <testcase classname="TestPages.TestOne" name="Test_stringVerification" time="0.056"/>
  <testcase classname="TestPages.TestOne" name="Test_DynamicID_Verification" time="1.65"/>
  <testcase classname="TestPages.TestOne" name="Test_ClassAttribute" time="1.936"/>
  <testcase classname="TestPages.TestTwo_countLinks" name="BrokenLinks" time="30.275"/>
  <testcase classname="TestPages.TestTwo_countLinks" name="CountNoOfLinks" time="0.055"/>
  <testcase classname="TestPages.TestOne" name="Test_DelayedResponse" time="0.0">
    <ignored/>
  </testcase> <!-- Test_DelayedResponse -->
</testsuite> <!-- Test -->
