<?xml version="1.0" encoding="UTF-8"?>
<!-- Generated by org.testng.reporters.JUnitXMLReporter -->
<testsuite ignored="6" hostname="VaishnaviA" failures="0" tests="2" name="Test" time="10.284" errors="0" timestamp="2024-05-20T22:35:39 IST">
  <testcase classname="TestPages.TestTwo_countLinks" name="CountNoOfLinks" time="0.052"/>
  <testcase classname="TestPages.TestOne" name="ScrollerTest" time="0.376"/>
  <testcase classname="TestPages.TestOne" name="Test_DelayedResponse" time="0.0">
    <ignored/>
  </testcase> <!-- Test_DelayedResponse -->
  <testcase classname="TestPages.TestOne" name="Test_stringVerification" time="0.0">
    <ignored/>
  </testcase> <!-- Test_stringVerification -->
  <testcase classname="TestPages.TestOne" name="Test_ClassAttribute" time="0.0">
    <ignored/>
  </testcase> <!-- Test_ClassAttribute -->
  <testcase classname="TestPages.TestOne" name="Test_DynamicID_Verification" time="0.0">
    <ignored/>
  </testcase> <!-- Test_DynamicID_Verification -->
  <testcase classname="TestPages.TestTwo_countLinks" name="BrokenLinks" time="0.0">
    <ignored/>
  </testcase> <!-- BrokenLinks -->
  <testcase classname="TestPages.TestOne" name="Test_URL_and_PageName" time="0.0">
    <ignored/>
  </testcase> <!-- Test_URL_and_PageName -->
</testsuite> <!-- Test -->
