<?xml version="1.0" encoding="UTF-8"?>
<!-- Generated by org.testng.reporters.JUnitXMLReporter -->
<testsuite ignored="4" hostname="VaishnaviA" failures="1" tests="1" name="Test" time="0.038" errors="0" timestamp="2024-05-18T22:38:34 IST">
  <testcase classname="TestPages.TestOne" name="Test_URL_and_PageName" time="0.005">
    <failure type="java.lang.NullPointerException" message="Cannot invoke &amp;quot;org.openqa.selenium.WebDriver.getCurrentUrl()&amp;quot; because &amp;quot;this.driver&amp;quot; is null">
      <![CDATA[java.lang.NullPointerException: Cannot invoke "org.openqa.selenium.WebDriver.getCurrentUrl()" because "this.driver" is null
at TestPages.TestOne.Test_URL_and_PageName(TestOne.java:19)
at java.base/java.util.ArrayList.forEach(ArrayList.java:1511)
... Removed 27 stack frames]]>
    </failure>
  </testcase> <!-- Test_URL_and_PageName -->
  <testcase classname="TestPages.TestOne" name="Test_DelayedResponse" time="0.0">
    <ignored/>
  </testcase> <!-- Test_DelayedResponse -->
  <testcase classname="TestPages.TestOne" name="Test_stringVerification" time="0.0">
    <ignored/>
  </testcase> <!-- Test_stringVerification -->
  <testcase classname="TestPages.TestOne" name="Test_ClassAttribute" time="0.0">
    <ignored/>
  </testcase> <!-- Test_ClassAttribute -->
  <testcase classname="TestPages.TestOne" name="Test_DynamicID_Verification" time="0.0">
    <ignored/>
  </testcase> <!-- Test_DynamicID_Verification -->
</testsuite> <!-- Test -->
